<?xml version="1.0" encoding="UTF-8" standalone="no"?>
<testsuite failures="0" name="cucumber.runtime.formatter.JUnitFormatter" skipped="0" tests="2" time="22.630132">
<testcase classname="Create Contact" name="Free CRM create a new contact" time="13.349313">
<system-out><![CDATA[Given User is already on login page.........................................passed
When Title of login page is Free CRM........................................passed
Then user enters "sumit.pb@gmail.com" and "Fake@73873"......................passed
Then user clicks on login button............................................passed
Then user is on home page...................................................passed
Then user navigate to contacts page.........................................passed
Then user enters contact details "Sumit" and "Sharma" and "Test Analyst"....passed
Then Close the browser......................................................passed
]]></system-out>
</testcase>
<testcase classname="Create Contact" name="Free CRM create a new contact 2" time="9.280819">
<system-out><![CDATA[Given User is already on login page.........................................passed
When Title of login page is Free CRM........................................passed
Then user enters "williekeith425@gmail.com" and "Fake@73873"................passed
Then user clicks on login button............................................passed
Then user is on home page...................................................passed
Then user navigate to contacts page.........................................passed
Then user enters contact details "Keith" and "Willie" and "Associate".......passed
Then Close the browser......................................................passed
]]></system-out>
</testcase>
</testsuite>
